2025-06-23 17:20:18,146 - INFO - Starting daily data update...
2025-06-23 17:20:18,161 - INFO - Analyzed patterns for 20 tutors
2025-06-23 17:20:18,168 - INFO - Data already exists for 2025-06-23
2025-06-23 17:20:18,168 - INFO - Daily update completed successfully
2025-06-23 17:20:18,172 - INFO - Current stats:
2025-06-23 17:20:18,172 - INFO -   Total records: 120
2025-06-23 17:20:18,173 - INFO -   Current month records: 28
2025-06-23 17:20:18,173 - INFO -   Current month hours: 66.0
2025-06-23 17:20:18,173 - INFO -   Active tutors: 20
2025-06-23 17:22:09,679 - INFO - Analyzed patterns for 20 tutors
2025-06-23 17:22:11,093 - INFO - Starting daily data update...
2025-06-23 17:22:11,107 - INFO - Analyzed patterns for 20 tutors
2025-06-23 17:22:11,112 - INFO - Data already exists for 2025-06-23
2025-06-23 17:22:11,112 - INFO - Daily update completed successfully
2025-06-23 17:22:11,115 - INFO - Current stats:
2025-06-23 17:22:11,115 - INFO -   Total records: 120
2025-06-23 17:22:11,116 - INFO -   Current month records: 28
2025-06-23 17:22:11,116 - INFO -   Current month hours: 66.0
2025-06-23 17:22:11,116 - INFO -   Active tutors: 20
2025-06-23 17:34:31,140 - INFO - Starting daily data update...
2025-06-23 17:34:31,150 - INFO - Analyzed patterns for 20 tutors
2025-06-23 17:34:31,155 - INFO - Data already exists for 2025-06-23
2025-06-23 17:34:31,155 - INFO - Daily update completed successfully
2025-06-23 17:34:31,159 - INFO - Current stats:
2025-06-23 17:34:31,159 - INFO -   Total records: 120
2025-06-23 17:34:31,159 - INFO -   Current month records: 28
2025-06-23 17:34:31,159 - INFO -   Current month hours: 66.0
2025-06-23 17:34:31,160 - INFO -   Active tutors: 20
2025-06-23 17:42:06,879 - INFO - Starting daily data update...
2025-06-23 17:42:06,887 - INFO - Analyzed patterns for 20 tutors
2025-06-23 17:42:06,890 - INFO - Data already exists for 2025-06-23
2025-06-23 17:42:06,890 - INFO - Daily update completed successfully
2025-06-23 17:42:06,892 - INFO - Current stats:
2025-06-23 17:42:06,892 - INFO -   Total records: 121
2025-06-23 17:42:06,892 - INFO -   Current month records: 29
2025-06-23 17:42:06,892 - INFO -   Current month hours: 68.5
2025-06-23 17:42:06,892 - INFO -   Active tutors: 20
2025-06-24 13:31:26,057 - INFO - Starting daily data update...
2025-06-24 13:31:26,070 - INFO - Analyzed patterns for 20 tutors
2025-06-24 13:31:26,104 - INFO - Added 11 sessions for 2025-06-24
2025-06-24 13:31:26,105 - INFO -   Neha Patel: 2025-06-24 11:30:00 (2.0h)
2025-06-24 13:31:26,105 - INFO -   Aarav Shah: 2025-06-24 17:15:00 (2.8h)
2025-06-24 13:31:26,105 - INFO -   Mason Lee: 2025-06-24 16:30:00 (1.8h)
2025-06-24 13:31:26,105 - INFO -   Meera Nair: 2025-06-24 08:15:00 (1.6h)
2025-06-24 13:31:26,105 - INFO -   Avni Desai: 2025-06-24 15:00:00 (1.7h)
2025-06-24 13:31:26,105 - INFO -   Liam Johnson: 2025-06-24 14:45:00 (1.8h)
2025-06-24 13:31:26,105 - INFO -   Vivaan Kumar: 2025-06-24 17:15:00 (2.3h)
2025-06-24 13:31:26,105 - INFO -   Saanvi Joshi: 2025-06-24 12:00:00 (2.3h)
2025-06-24 13:31:26,105 - INFO -   Emily Brown: 2025-06-24 10:30:00 (2.1h)
2025-06-24 13:31:26,105 - INFO -   Benjamin Lewis: 2025-06-24 14:45:00 (2.5h)
2025-06-24 13:31:26,105 - INFO -   Anaya Sharma: 2025-06-24 10:00:00 (2.1h)
2025-06-24 13:31:26,168 - INFO - Daily update completed successfully
2025-06-24 13:31:26,197 - INFO - Current stats:
2025-06-24 13:31:26,197 - INFO -   Total records: 132
2025-06-24 13:31:26,198 - INFO -   Current month records: 40
2025-06-24 13:31:26,198 - INFO -   Current month hours: 91.5
2025-06-24 13:31:26,198 - INFO -   Active tutors: 20
2025-06-25 14:23:19,728 - INFO - Starting daily data update...
2025-06-25 14:23:20,233 - INFO - Analyzed patterns for 21 tutors
2025-06-25 14:23:20,503 - INFO - Added 10 sessions for 2025-06-25
2025-06-25 14:23:20,504 - INFO -   Emily Brown: 2025-06-25 15:00:00 (2.3h)
2025-06-25 14:23:20,504 - INFO -   Noah Wilson: 2025-06-25 10:00:00 (1.9h)
2025-06-25 14:23:20,505 - INFO -   Isabella Davis: 2025-06-25 16:00:00 (3.3h)
2025-06-25 14:23:20,506 - INFO -   Anaya Sharma: 2025-06-25 11:15:00 (2.0h)
2025-06-25 14:23:20,506 - INFO -   Liam Johnson: 2025-06-25 15:15:00 (2.7h)
2025-06-25 14:23:20,507 - INFO -   Meera Nair: 2025-06-25 17:15:00 (1.8h)
2025-06-25 14:23:20,507 - INFO -   Aarav Shah: 2025-06-25 12:45:00 (2.5h)
2025-06-25 14:23:20,508 - INFO -   Neha Patel: 2025-06-25 16:15:00 (2.0h)
2025-06-25 14:23:20,508 - INFO -   Ryan Scott: 2025-06-25 11:00:00 (2.4h)
2025-06-25 14:23:20,509 - INFO -   Avni Desai: 2025-06-25 08:30:00 (2.8h)
2025-06-25 14:23:20,616 - INFO - Daily update completed successfully
2025-06-25 14:23:20,661 - INFO - Current stats:
2025-06-25 14:23:20,662 - INFO -   Total records: 143
2025-06-25 14:23:20,662 - INFO -   Current month records: 51
2025-06-25 14:23:20,663 - INFO -   Current month hours: 117.5
2025-06-25 14:23:20,664 - INFO -   Active tutors: 21
2025-06-25 14:33:39,620 - INFO - Starting daily data update...
2025-06-25 14:33:39,637 - INFO - Analyzed patterns for 20 tutors
2025-06-25 14:33:39,662 - INFO - Added 4 sessions for 2025-06-25
2025-06-25 14:33:39,663 - INFO -   Liam Johnson: 2025-06-25 09:45:00 (2.5h)
2025-06-25 14:33:39,663 - INFO -   Avni Desai: 2025-06-25 10:30:00 (2.8h)
2025-06-25 14:33:39,664 - INFO -   Saanvi Joshi: 2025-06-25 19:15:00 (2.2h)
2025-06-25 14:33:39,665 - INFO -   Noah Wilson: 2025-06-25 09:45:00 (2.9h)
2025-06-25 14:33:39,682 - INFO - Daily update completed successfully
2025-06-25 14:33:39,717 - INFO - Current stats:
2025-06-25 14:33:39,718 - INFO -   Total records: 124
2025-06-25 14:33:39,719 - INFO -   Current month records: 4
2025-06-25 14:33:39,721 - INFO -   Current month hours: 10.4
2025-06-25 14:33:39,722 - INFO -   Active tutors: 20
2025-06-28 17:38:19,340 - INFO - Adding 5 today logs...
2025-06-28 17:38:19,358 - INFO - Added 5 today logs
2025-06-28 17:38:19,358 - INFO - Added 5 today logs
2025-06-28 17:38:25,727 - INFO - Starting daily data update...
2025-06-28 17:38:25,727 - INFO - Cleaning schedule overlaps...
2025-06-28 17:38:26,783 - INFO - Schedule overlaps cleaned
2025-06-28 17:38:26,784 - INFO - Generating check-ins from schedule...
2025-06-28 17:38:27,688 - ERROR - Error generating check-ins: Traceback (most recent call last):
  File "C:\Users\avish\OneDrive\Desktop\stem-face-dashboard-main\generate_checkins_from_schedule.py", line 21, in <module>
    face_log['check_in'] = pd.to_datetime(face_log['check_in'])
                           ~~~~~~~~~~~~~~^^^^^^^^^^^^^^^^^^^^^^
  File "C:\Users\avish\AppData\Roaming\Python\Python313\site-packages\pandas\core\tools\datetimes.py", line 1067, in to_datetime
    values = convert_listlike(arg._values, format)
  File "C:\Users\avish\AppData\Roaming\Python\Python313\site-packages\pandas\core\tools\datetimes.py", line 433, in _convert_listlike_datetimes
    return _array_strptime_with_fallback(arg, name, utc, format, exact, errors)
  File "C:\Users\avish\AppData\Roaming\Python\Python313\site-packages\pandas\core\tools\datetimes.py", line 467, in _array_strptime_with_fallback
    result, tz_out = array_strptime(arg, fmt, exact=exact, errors=errors, utc=utc)
                     ~~~~~~~~~~~~~~^^^^^^^^^^^^^^^^^^^^^^^^^^^^^^^^^^^^^^^^^^^^^^^
  File "strptime.pyx", line 501, in pandas._libs.tslibs.strptime.array_strptime
  File "strptime.pyx", line 451, in pandas._libs.tslibs.strptime.array_strptime
  File "strptime.pyx", line 583, in pandas._libs.tslibs.strptime._parse_with_format
ValueError: time data "2025-06-28 17:13" doesn't match format "%Y-%m-%d %H:%M:%S", at position 504. You might want to try:
    - passing `format` if your strings have a consistent format;
    - passing `format='ISO8601'` if your strings are all ISO8601 but not necessarily in exactly the same format;
    - passing `format='mixed'`, and the format will be inferred for each element individually. You might want to use `dayfirst` alongside this.

2025-06-28 17:38:27,689 - INFO - Adding 3 today logs...
2025-06-28 17:38:27,701 - INFO - Added 3 today logs
2025-06-28 17:38:27,701 - INFO - Added 3 today logs
2025-06-28 17:38:27,702 - INFO - Updating analytics...
2025-06-28 17:38:27,887 - INFO - Analytics updated
2025-06-28 17:38:27,896 - INFO - Update logged to audit log
2025-06-28 17:38:27,897 - INFO - Daily update completed successfully
2025-07-04 10:27:10,693 - INFO - Starting daily data update...
2025-07-04 10:27:10,696 - INFO - Cleaning schedule overlaps...
2025-07-04 10:27:16,067 - INFO - Schedule overlaps cleaned
2025-07-04 10:27:16,067 - INFO - Generating check-ins from schedule...
2025-07-04 10:27:17,696 - INFO - Check-ins generated from schedule
2025-07-04 10:27:17,696 - INFO - Adding 3 today logs...
2025-07-04 10:27:17,747 - INFO - Added 3 today logs (no duplicates)
2025-07-04 10:27:17,747 - INFO - Added 3 today logs
2025-07-04 10:27:17,748 - INFO - Updating analytics...
2025-07-04 10:27:18,460 - INFO - Analytics updated
2025-07-04 10:27:18,475 - INFO - Update logged to audit log
2025-07-04 10:27:18,475 - INFO - Daily update completed successfully
2025-07-04 10:32:53,629 - INFO - Starting daily data update...
2025-07-04 10:32:53,629 - INFO - Cleaning schedule overlaps...
2025-07-04 10:32:55,080 - INFO - Schedule overlaps cleaned
2025-07-04 10:32:55,082 - INFO - Generating check-ins from schedule...
2025-07-04 10:32:57,553 - INFO - Check-ins generated from schedule
2025-07-04 10:32:57,555 - INFO - Adding 3 today logs...
2025-07-04 10:32:57,625 - INFO - Added 3 today logs (no duplicates)
2025-07-04 10:32:57,626 - INFO - Added 3 today logs
2025-07-04 10:32:57,627 - INFO - Updating analytics...
2025-07-04 10:32:58,126 - INFO - Analytics updated
2025-07-04 10:32:58,177 - INFO - Update logged to audit log
2025-07-04 10:32:58,180 - INFO - Daily update completed successfully
2025-07-05 10:55:55,558 - INFO - Starting daily data update...
2025-07-05 10:55:55,564 - INFO - Cleaning schedule overlaps...
2025-07-05 10:55:58,028 - INFO - Schedule overlaps cleaned
2025-07-05 10:55:58,029 - INFO - Generating check-ins from schedule...
2025-07-05 10:55:58,201 - ERROR - Error generating check-ins:   File "C:\Users\avish\OneDrive\Desktop\stem-face-dashboard-main\generate_checkins_from_schedule.py", line 69
    check_in = datetime.strptime(check_in_str, '%Y-%m-%d %H:%M:%S')
    ^^^^^^^^
IndentationError: expected an indented block after 'try' statement on line 68

2025-07-05 10:55:58,202 - INFO - Adding 3 today logs...
2025-07-05 10:55:58,273 - INFO - Added 3 today logs (no duplicates)
2025-07-05 10:55:58,274 - INFO - Added 3 today logs
2025-07-05 10:55:58,275 - INFO - Updating analytics...
2025-07-05 10:55:58,767 - INFO - Analytics updated
2025-07-05 10:55:58,827 - INFO - Update logged to audit log
2025-07-05 10:55:58,830 - INFO - Daily update completed successfully
2025-08-05 06:00:09,461 - INFO - Starting daily data update...
2025-08-05 06:00:09,463 - INFO - Cleaning schedule overlaps...
2025-08-05 06:00:10,631 - INFO - Schedule overlaps cleaned
2025-08-05 06:00:10,632 - INFO - Generating check-ins from schedule...
2025-08-05 06:00:10,756 - ERROR - Error generating check-ins:   File "C:\Users\avish\OneDrive\Desktop\stem-face-dashboard-main\generate_checkins_from_schedule.py", line 69
    check_in = datetime.strptime(check_in_str, '%Y-%m-%d %H:%M:%S')
    ^^^^^^^^
IndentationError: expected an indented block after 'try' statement on line 68

2025-08-05 06:00:10,757 - INFO - Adding 3 today logs...
2025-08-05 06:00:10,858 - INFO - Added 3 today logs (no duplicates)
2025-08-05 06:00:10,859 - INFO - Added 3 today logs
2025-08-05 06:00:10,860 - INFO - Updating analytics...
2025-08-05 06:00:11,843 - INFO - Analytics updated
2025-08-05 06:00:11,901 - INFO - Update logged to audit log
2025-08-05 06:00:11,903 - INFO - Daily update completed successfully
2025-08-06 06:00:11,092 - INFO - Starting daily data update...
2025-08-06 06:00:11,097 - INFO - Cleaning schedule overlaps...
2025-08-06 06:00:12,907 - INFO - Schedule overlaps cleaned
2025-08-06 06:00:12,908 - INFO - Generating check-ins from schedule...
2025-08-06 06:00:13,069 - ERROR - Error generating check-ins:   File "C:\Users\avish\OneDrive\Desktop\stem-face-dashboard-main\generate_checkins_from_schedule.py", line 69
    check_in = datetime.strptime(check_in_str, '%Y-%m-%d %H:%M:%S')
    ^^^^^^^^
IndentationError: expected an indented block after 'try' statement on line 68

2025-08-06 06:00:13,070 - INFO - Adding 3 today logs...
2025-08-06 06:00:13,170 - INFO - Added 3 today logs (no duplicates)
2025-08-06 06:00:13,172 - INFO - Added 3 today logs
2025-08-06 06:00:13,172 - INFO - Updating analytics...
2025-08-06 06:00:14,178 - INFO - Analytics updated
2025-08-06 06:00:14,238 - INFO - Update logged to audit log
2025-08-06 06:00:14,239 - INFO - Daily update completed successfully
2025-08-07 06:00:07,682 - INFO - Starting daily data update...
2025-08-07 06:00:07,684 - INFO - Cleaning schedule overlaps...
2025-08-07 06:00:09,085 - INFO - Schedule overlaps cleaned
2025-08-07 06:00:09,088 - INFO - Generating check-ins from schedule...
2025-08-07 06:00:09,200 - ERROR - Error generating check-ins:   File "C:\Users\avish\OneDrive\Desktop\stem-face-dashboard-main\generate_checkins_from_schedule.py", line 69
    check_in = datetime.strptime(check_in_str, '%Y-%m-%d %H:%M:%S')
    ^^^^^^^^
IndentationError: expected an indented block after 'try' statement on line 68

2025-08-07 06:00:09,201 - INFO - Adding 3 today logs...
2025-08-07 06:00:09,267 - INFO - Added 3 today logs (no duplicates)
2025-08-07 06:00:09,268 - INFO - Added 3 today logs
2025-08-07 06:00:09,269 - INFO - Updating analytics...
2025-08-07 06:00:09,837 - INFO - Analytics updated
2025-08-07 06:00:09,874 - INFO - Update logged to audit log
2025-08-07 06:00:09,876 - INFO - Daily update completed successfully
2025-08-08 13:05:59,963 - INFO - Starting daily data update...
2025-08-08 13:05:59,965 - INFO - Cleaning schedule overlaps...
2025-08-08 13:06:00,939 - INFO - Schedule overlaps cleaned
2025-08-08 13:06:00,940 - INFO - Generating check-ins from schedule...
2025-08-08 13:06:01,025 - ERROR - Error generating check-ins:   File "C:\Users\avish\OneDrive\Desktop\stem-face-dashboard-main\generate_checkins_from_schedule.py", line 69
    check_in = datetime.strptime(check_in_str, '%Y-%m-%d %H:%M:%S')
    ^^^^^^^^
IndentationError: expected an indented block after 'try' statement on line 68

2025-08-08 13:06:01,026 - INFO - Adding 3 today logs...
2025-08-08 13:06:01,080 - INFO - Added 3 today logs (no duplicates)
2025-08-08 13:06:01,081 - INFO - Added 3 today logs
2025-08-08 13:06:01,081 - INFO - Updating analytics...
2025-08-08 13:06:01,481 - INFO - Analytics updated
2025-08-08 13:06:01,505 - INFO - Update logged to audit log
2025-08-08 13:06:01,506 - INFO - Daily update completed successfully
2025-08-12 09:57:19,733 - INFO - Starting daily data update...
2025-08-12 09:57:19,738 - INFO - Cleaning schedule overlaps...
2025-08-12 09:57:20,878 - INFO - Schedule overlaps cleaned
2025-08-12 09:57:20,879 - INFO - Generating check-ins from schedule...
2025-08-12 09:57:20,968 - ERROR - Error generating check-ins:   File "C:\Users\avish\OneDrive\Desktop\stem-face-dashboard-main\generate_checkins_from_schedule.py", line 69
    check_in = datetime.strptime(check_in_str, '%Y-%m-%d %H:%M:%S')
    ^^^^^^^^
IndentationError: expected an indented block after 'try' statement on line 68

2025-08-12 09:57:20,968 - INFO - Adding 3 today logs...
2025-08-12 09:57:21,056 - INFO - Added 3 today logs (no duplicates)
2025-08-12 09:57:21,057 - INFO - Added 3 today logs
2025-08-12 09:57:21,057 - INFO - Updating analytics...
2025-08-12 09:57:21,490 - INFO - Analytics updated
2025-08-12 12:03:42,352 - INFO - Update logged to audit log
2025-08-12 12:03:42,353 - INFO - Daily update completed successfully
2025-08-13 14:27:04,819 - INFO - Starting daily data update...
2025-08-13 14:27:04,824 - INFO - Cleaning schedule overlaps...
2025-08-13 14:27:07,253 - INFO - Schedule overlaps cleaned
2025-08-13 14:27:07,254 - INFO - Generating check-ins from schedule...
2025-08-13 14:27:07,474 - ERROR - Error generating check-ins:   File "C:\Users\avish\OneDrive\Desktop\stem-face-dashboard-main\generate_checkins_from_schedule.py", line 69
    check_in = datetime.strptime(check_in_str, '%Y-%m-%d %H:%M:%S')
    ^^^^^^^^
IndentationError: expected an indented block after 'try' statement on line 68

2025-08-13 14:27:07,476 - INFO - Adding 3 today logs...
2025-08-13 14:27:07,623 - INFO - Added 3 today logs (no duplicates)
2025-08-13 14:27:07,624 - INFO - Added 3 today logs
2025-08-13 14:27:07,625 - INFO - Updating analytics...
2025-08-13 14:27:08,788 - INFO - Analytics updated
2025-08-13 14:27:08,862 - INFO - Update logged to audit log
2025-08-13 14:27:08,862 - INFO - Daily update completed successfully
2025-08-17 00:53:21,844 - INFO - Starting daily data update...
2025-08-17 00:53:21,850 - INFO - Cleaning schedule overlaps...
2025-08-17 00:53:29,850 - INFO - Schedule overlaps cleaned
2025-08-17 00:53:29,852 - INFO - Generating check-ins from schedule...
2025-08-17 00:53:30,101 - ERROR - Error generating check-ins:   File "C:\Users\avish\OneDrive\Desktop\stem-face-dashboard-main\generate_checkins_from_schedule.py", line 69
    check_in = datetime.strptime(check_in_str, '%Y-%m-%d %H:%M:%S')
    ^^^^^^^^
IndentationError: expected an indented block after 'try' statement on line 68

2025-08-17 00:53:30,103 - INFO - Adding 3 today logs...
2025-08-17 00:53:30,336 - INFO - Added 3 today logs (no duplicates)
2025-08-17 00:53:30,337 - INFO - Added 3 today logs
2025-08-17 00:53:30,339 - INFO - Updating analytics...
2025-08-17 00:53:31,775 - INFO - Analytics updated
2025-08-17 00:53:31,851 - INFO - Update logged to audit log
2025-08-17 00:53:31,853 - INFO - Daily update completed successfully
2025-08-17 10:41:43,667 - INFO - Starting daily data update...
2025-08-17 10:41:43,671 - INFO - Cleaning schedule overlaps...
2025-08-17 10:41:44,852 - INFO - Schedule overlaps cleaned
2025-08-17 10:41:44,853 - INFO - Generating check-ins from schedule...
2025-08-17 10:41:44,971 - ERROR - Error generating check-ins:   File "C:\Users\avish\OneDrive\Desktop\stem-face-dashboard-main\generate_checkins_from_schedule.py", line 69
    check_in = datetime.strptime(check_in_str, '%Y-%m-%d %H:%M:%S')
    ^^^^^^^^
IndentationError: expected an indented block after 'try' statement on line 68

2025-08-17 10:41:44,972 - INFO - Adding 3 today logs...
2025-08-17 10:41:45,098 - INFO - Added 3 today logs (no duplicates)
2025-08-17 10:41:45,099 - INFO - Added 3 today logs
2025-08-17 10:41:45,099 - INFO - Updating analytics...
2025-08-17 10:41:46,447 - INFO - Analytics updated
2025-08-17 10:41:46,530 - INFO - Update logged to audit log
2025-08-17 10:41:46,534 - INFO - Daily update completed successfully
2025-08-18 10:34:51,359 - INFO - Starting daily data update...
2025-08-18 10:34:51,368 - INFO - Cleaning schedule overlaps...
2025-08-18 10:34:53,083 - INFO - Schedule overlaps cleaned
2025-08-18 10:34:53,085 - INFO - Generating check-ins from schedule...
2025-08-18 10:34:53,288 - ERROR - Error generating check-ins:   File "C:\Users\avish\OneDrive\Desktop\stem-face-dashboard-main\generate_checkins_from_schedule.py", line 69
    check_in = datetime.strptime(check_in_str, '%Y-%m-%d %H:%M:%S')
    ^^^^^^^^
IndentationError: expected an indented block after 'try' statement on line 68

2025-08-18 10:34:53,290 - INFO - Adding 3 today logs...
2025-08-18 10:34:53,497 - INFO - Added 3 today logs (no duplicates)
2025-08-18 10:34:53,500 - INFO - Added 3 today logs
2025-08-18 10:34:53,507 - INFO - Updating analytics...
2025-08-18 10:34:54,209 - INFO - Analytics updated
2025-08-18 10:34:54,238 - INFO - Update logged to audit log
2025-08-18 10:34:54,239 - INFO - Daily update completed successfully
2025-08-19 11:55:53,840 - INFO - Starting daily data update...
2025-08-19 11:55:53,843 - INFO - Cleaning schedule overlaps...
2025-08-19 11:55:56,122 - INFO - Schedule overlaps cleaned
2025-08-19 11:55:56,124 - INFO - Generating check-ins from schedule...
2025-08-19 11:55:56,342 - ERROR - Error generating check-ins:   File "C:\Users\avish\OneDrive\Desktop\stem-face-dashboard-main\generate_checkins_from_schedule.py", line 69
    check_in = datetime.strptime(check_in_str, '%Y-%m-%d %H:%M:%S')
    ^^^^^^^^
IndentationError: expected an indented block after 'try' statement on line 68

2025-08-19 11:55:56,343 - INFO - Adding 3 today logs...
2025-08-19 11:55:56,479 - INFO - Added 3 today logs (no duplicates)
2025-08-19 11:55:56,480 - INFO - Added 3 today logs
2025-08-19 11:55:56,481 - INFO - Updating analytics...
2025-08-19 11:55:57,694 - INFO - Analytics updated
2025-08-19 11:55:57,764 - INFO - Update logged to audit log
2025-08-19 11:55:57,765 - INFO - Daily update completed successfully
2025-08-21 11:25:49,729 - INFO - Starting daily data update...
2025-08-21 11:25:49,734 - INFO - Cleaning schedule overlaps...
2025-08-21 11:25:51,546 - INFO - Schedule overlaps cleaned
2025-08-21 11:25:51,549 - INFO - Generating check-ins from schedule...
2025-08-21 11:25:51,844 - ERROR - Error generating check-ins:   File "C:\Users\avish\OneDrive\Desktop\stem-face-dashboard-main\generate_checkins_from_schedule.py", line 69
    check_in = datetime.strptime(check_in_str, '%Y-%m-%d %H:%M:%S')
    ^^^^^^^^
IndentationError: expected an indented block after 'try' statement on line 68

2025-08-21 11:25:51,846 - INFO - Adding 3 today logs...
2025-08-21 11:25:51,969 - INFO - Added 3 today logs (no duplicates)
2025-08-21 11:25:51,972 - INFO - Added 3 today logs
2025-08-21 11:25:51,973 - INFO - Updating analytics...
2025-08-21 11:25:53,287 - INFO - Analytics updated
2025-08-21 11:25:53,387 - INFO - Update logged to audit log
2025-08-21 11:25:53,390 - INFO - Daily update completed successfully
2025-08-22 08:51:27,000 - INFO - Starting daily data update...
2025-08-22 08:51:27,003 - INFO - Cleaning schedule overlaps...
2025-08-22 08:51:28,481 - INFO - Schedule overlaps cleaned
2025-08-22 08:51:28,481 - INFO - Generating check-ins from schedule...
2025-08-22 08:51:28,590 - ERROR - Error generating check-ins:   File "C:\Users\avish\OneDrive\Desktop\stem-face-dashboard-main\generate_checkins_from_schedule.py", line 69
    check_in = datetime.strptime(check_in_str, '%Y-%m-%d %H:%M:%S')
    ^^^^^^^^
IndentationError: expected an indented block after 'try' statement on line 68

2025-08-22 08:51:28,591 - INFO - Adding 3 today logs...
2025-08-22 08:51:28,685 - INFO - Added 3 today logs (no duplicates)
2025-08-22 08:51:28,686 - INFO - Added 3 today logs
2025-08-22 08:51:28,687 - INFO - Updating analytics...
2025-08-22 08:51:29,422 - INFO - Analytics updated
2025-08-22 08:51:29,491 - INFO - Update logged to audit log
2025-08-22 08:51:29,492 - INFO - Daily update completed successfully
2025-09-04 12:27:18,293 - INFO - Starting daily data update...
2025-09-04 12:27:18,295 - INFO - Cleaning schedule overlaps...
2025-09-04 12:27:20,966 - INFO - Schedule overlaps cleaned
2025-09-04 12:27:20,967 - INFO - Generating check-ins from schedule...
2025-09-04 12:27:25,220 - INFO - Check-ins generated from schedule
2025-09-04 12:27:25,221 - INFO - Adding 3 today logs...
2025-09-04 12:27:25,235 - INFO - Added 0 today logs
2025-09-04 12:27:25,236 - INFO - Updating analytics...
2025-09-04 12:27:25,484 - INFO - Analytics updated
2025-09-04 12:27:25,533 - INFO - Update logged to audit log
2025-09-04 12:27:25,534 - INFO - Daily update completed successfully
